{
  "stats": {
    "suites": 1,
    "tests": 1,
    "passes": 1,
    "pending": 0,
    "failures": 0,
    "start": "2024-02-18T18:27:49.187Z",
    "end": "2024-02-18T18:28:15.099Z",
    "duration": 25912,
    "testsRegistered": 1,
    "passPercent": 100,
    "pendingPercent": 0,
    "other": 0,
    "hasOther": false,
    "skipped": 0,
    "hasSkipped": false
  },
  "results": [
    {
      "uuid": "ef05584d-a6f2-41b5-af37-936bbec30429",
      "title": "",
      "fullFile": "cypress\\e2e\\cartTests.js",
      "file": "cypress\\e2e\\cartTests.js",
      "beforeHooks": [],
      "afterHooks": [],
      "tests": [],
      "suites": [
        {
          "uuid": "44d0a3a9-f39a-424c-8a21-99c0b0c530d8",
          "title": "Tests with page object model",
          "fullFile": "",
          "file": "",
          "beforeHooks": [],
          "afterHooks": [],
          "tests": [
            {
              "title": "verify cart page",
              "fullTitle": "Tests with page object model verify cart page",
              "timedOut": null,
              "duration": 25802,
              "state": "passed",
              "speed": "slow",
              "pass": true,
              "fail": false,
              "pending": false,
              "context": null,
              "code": "navigateTo.loginAndRegistrationPage();\nregistrationPage.submitRegistrationForm();\ncartPage.putInCart();\nexpect(cartPage.isPriceGood()).to.be.true;\nexpect(cartPage.cartPaying()).to.be.true;\ncartPage.placeOrder();\ncartPage.isPaymentDone();",
              "err": {},
              "uuid": "834daad1-8589-4f58-811a-cdae3b18ba93",
              "parentUUID": "44d0a3a9-f39a-424c-8a21-99c0b0c530d8",
              "isHook": false,
              "skipped": false
            }
          ],
          "suites": [],
          "passes": [
            "834daad1-8589-4f58-811a-cdae3b18ba93"
          ],
          "failures": [],
          "pending": [],
          "skipped": [],
          "duration": 25802,
          "root": false,
          "rootEmpty": false,
          "_timeout": 2000
        }
      ],
      "passes": [],
      "failures": [],
      "pending": [],
      "skipped": [],
      "duration": 0,
      "root": true,
      "rootEmpty": true,
      "_timeout": 2000
    }
  ],
  "meta": {
    "mocha": {
      "version": "7.0.1"
    },
    "mochawesome": {
      "options": {
        "quiet": false,
        "reportFilename": "mochawesome",
        "saveHtml": false,
        "saveJson": true,
        "consoleReporter": "spec",
        "useInlineDiffs": false,
        "code": true
      },
      "version": "7.1.3"
    },
    "marge": {
      "options": {
        "id": "default",
        "reportDir": "cypress/results/mochawesome",
        "overwrite": false,
        "html": false,
        "json": true
      },
      "version": "6.2.0"
    }
  }
}