{
  "stats": {
    "suites": 1,
    "tests": 1,
    "passes": 1,
    "pending": 0,
    "failures": 0,
    "start": "2024-02-19T20:51:57.493Z",
    "end": "2024-02-19T20:52:11.876Z",
    "duration": 14383,
    "testsRegistered": 1,
    "passPercent": 100,
    "pendingPercent": 0,
    "other": 0,
    "hasOther": false,
    "skipped": 0,
    "hasSkipped": false
  },
  "results": [
    {
      "uuid": "cec38cd7-90fe-4180-a7a7-c9bc830421e2",
      "title": "",
      "fullFile": "cypress\\e2e\\categoryTests.js",
      "file": "cypress\\e2e\\categoryTests.js",
      "beforeHooks": [],
      "afterHooks": [],
      "tests": [],
      "suites": [
        {
          "uuid": "0e2c0e2b-bb6f-4490-809e-3845c7bf4e17",
          "title": "Tests with page object model",
          "fullFile": "",
          "file": "",
          "beforeHooks": [],
          "afterHooks": [],
          "tests": [
            {
              "title": "verify category page",
              "fullTitle": "Tests with page object model verify category page",
              "timedOut": null,
              "duration": 14358,
              "state": "passed",
              "speed": "slow",
              "pass": true,
              "fail": false,
              "pending": false,
              "context": null,
              "code": "_CategoryPage.categoryPage.products();",
              "err": {},
              "uuid": "98d40244-1bfa-423a-aac2-21a5a97c31e3",
              "parentUUID": "0e2c0e2b-bb6f-4490-809e-3845c7bf4e17",
              "isHook": false,
              "skipped": false
            }
          ],
          "suites": [],
          "passes": [
            "98d40244-1bfa-423a-aac2-21a5a97c31e3"
          ],
          "failures": [],
          "pending": [],
          "skipped": [],
          "duration": 14358,
          "root": false,
          "rootEmpty": false,
          "_timeout": 2000
        }
      ],
      "passes": [],
      "failures": [],
      "pending": [],
      "skipped": [],
      "duration": 0,
      "root": true,
      "rootEmpty": true,
      "_timeout": 2000
    }
  ],
  "meta": {
    "mocha": {
      "version": "7.0.1"
    },
    "mochawesome": {
      "options": {
        "quiet": false,
        "reportFilename": "mochawesome",
        "saveHtml": false,
        "saveJson": true,
        "consoleReporter": "spec",
        "useInlineDiffs": false,
        "code": true
      },
      "version": "7.1.3"
    },
    "marge": {
      "options": {
        "id": "default",
        "reportDir": "cypress/results/mochawesome",
        "overwrite": false,
        "html": false,
        "json": true
      },
      "version": "6.2.0"
    }
  }
}