{
  "stats": {
    "suites": 1,
    "tests": 1,
    "passes": 1,
    "pending": 0,
    "failures": 0,
    "start": "2024-02-18T18:29:04.494Z",
    "end": "2024-02-18T18:29:17.138Z",
    "duration": 12644,
    "testsRegistered": 1,
    "passPercent": 100,
    "pendingPercent": 0,
    "other": 0,
    "hasOther": false,
    "skipped": 0,
    "hasSkipped": false
  },
  "results": [
    {
      "uuid": "3e9ddcd1-ca06-417e-98f3-6f109df8e754",
      "title": "",
      "fullFile": "cypress\\e2e\\registrationTests.js",
      "file": "cypress\\e2e\\registrationTests.js",
      "beforeHooks": [],
      "afterHooks": [],
      "tests": [],
      "suites": [
        {
          "uuid": "30fdc0a5-56f3-4ed9-9aa1-875bb1830cc4",
          "title": "Tests with page object model",
          "fullFile": "",
          "file": "",
          "beforeHooks": [],
          "afterHooks": [],
          "tests": [
            {
              "title": "verify registration page",
              "fullTitle": "Tests with page object model verify registration page",
              "timedOut": null,
              "duration": 12591,
              "state": "passed",
              "speed": "slow",
              "pass": true,
              "fail": false,
              "pending": false,
              "context": null,
              "code": "navigateTo.loginAndRegistrationPage();\nregistrationPage.submitRegistrationForm();\ncy.get('[data-qa=\"account-created\"]').should('contain', 'Account Created!');\ncy.get('[class=\"col-sm-9 col-sm-offset-1\"]').find('p').eq(0).should('contain', 'Congratulations! Your new account has been successfully created!');",
              "err": {},
              "uuid": "f06c5bd3-3799-4ebb-b876-615e8c8adaa6",
              "parentUUID": "30fdc0a5-56f3-4ed9-9aa1-875bb1830cc4",
              "isHook": false,
              "skipped": false
            }
          ],
          "suites": [],
          "passes": [
            "f06c5bd3-3799-4ebb-b876-615e8c8adaa6"
          ],
          "failures": [],
          "pending": [],
          "skipped": [],
          "duration": 12591,
          "root": false,
          "rootEmpty": false,
          "_timeout": 2000
        }
      ],
      "passes": [],
      "failures": [],
      "pending": [],
      "skipped": [],
      "duration": 0,
      "root": true,
      "rootEmpty": true,
      "_timeout": 2000
    }
  ],
  "meta": {
    "mocha": {
      "version": "7.0.1"
    },
    "mochawesome": {
      "options": {
        "quiet": false,
        "reportFilename": "mochawesome",
        "saveHtml": false,
        "saveJson": true,
        "consoleReporter": "spec",
        "useInlineDiffs": false,
        "code": true
      },
      "version": "7.1.3"
    },
    "marge": {
      "options": {
        "id": "default",
        "reportDir": "cypress/results/mochawesome",
        "overwrite": false,
        "html": false,
        "json": true
      },
      "version": "6.2.0"
    }
  }
}