{
  "stats": {
    "suites": 1,
    "tests": 1,
    "passes": 1,
    "pending": 0,
    "failures": 0,
    "start": "2024-02-19T20:53:29.810Z",
    "end": "2024-02-19T20:53:41.447Z",
    "duration": 11637,
    "testsRegistered": 1,
    "passPercent": 100,
    "pendingPercent": 0,
    "other": 0,
    "hasOther": false,
    "skipped": 0,
    "hasSkipped": false
  },
  "results": [
    {
      "uuid": "a951deca-a2fb-4c13-bab8-e5779f22a08b",
      "title": "",
      "fullFile": "cypress\\e2e\\registrationTests.js",
      "file": "cypress\\e2e\\registrationTests.js",
      "beforeHooks": [],
      "afterHooks": [],
      "tests": [],
      "suites": [
        {
          "uuid": "cd085e7b-c101-477f-89d8-f3ab4945229c",
          "title": "Tests with page object model",
          "fullFile": "",
          "file": "",
          "beforeHooks": [],
          "afterHooks": [],
          "tests": [
            {
              "title": "verify registration page",
              "fullTitle": "Tests with page object model verify registration page",
              "timedOut": null,
              "duration": 11602,
              "state": "passed",
              "speed": "slow",
              "pass": true,
              "fail": false,
              "pending": false,
              "context": null,
              "code": "navigateTo.loginAndRegistrationPage();\nregistrationPage.submitRegistrationForm();\nregistrationPage.isUserRegistered();",
              "err": {},
              "uuid": "7f5d004e-75eb-440e-abd7-73fc442a7633",
              "parentUUID": "cd085e7b-c101-477f-89d8-f3ab4945229c",
              "isHook": false,
              "skipped": false
            }
          ],
          "suites": [],
          "passes": [
            "7f5d004e-75eb-440e-abd7-73fc442a7633"
          ],
          "failures": [],
          "pending": [],
          "skipped": [],
          "duration": 11602,
          "root": false,
          "rootEmpty": false,
          "_timeout": 2000
        }
      ],
      "passes": [],
      "failures": [],
      "pending": [],
      "skipped": [],
      "duration": 0,
      "root": true,
      "rootEmpty": true,
      "_timeout": 2000
    }
  ],
  "meta": {
    "mocha": {
      "version": "7.0.1"
    },
    "mochawesome": {
      "options": {
        "quiet": false,
        "reportFilename": "mochawesome",
        "saveHtml": false,
        "saveJson": true,
        "consoleReporter": "spec",
        "useInlineDiffs": false,
        "code": true
      },
      "version": "7.1.3"
    },
    "marge": {
      "options": {
        "id": "default",
        "reportDir": "cypress/results/mochawesome",
        "overwrite": false,
        "html": false,
        "json": true
      },
      "version": "6.2.0"
    }
  }
}