{
  "stats": {
    "suites": 1,
    "tests": 1,
    "passes": 1,
    "pending": 0,
    "failures": 0,
    "start": "2024-02-18T17:56:12.645Z",
    "end": "2024-02-18T17:56:39.249Z",
    "duration": 26604,
    "testsRegistered": 1,
    "passPercent": 100,
    "pendingPercent": 0,
    "other": 0,
    "hasOther": false,
    "skipped": 0,
    "hasSkipped": false
  },
  "results": [
    {
      "uuid": "9975b58a-01d7-46ee-ad70-dbc22584eed5",
      "title": "",
      "fullFile": "cypress\\e2e\\cartTests.js",
      "file": "cypress\\e2e\\cartTests.js",
      "beforeHooks": [],
      "afterHooks": [],
      "tests": [],
      "suites": [
        {
          "uuid": "8a038e95-d819-4140-aa73-a69d5409f6a4",
          "title": "Tests with page object model",
          "fullFile": "",
          "file": "",
          "beforeHooks": [],
          "afterHooks": [],
          "tests": [
            {
              "title": "verify cart page",
              "fullTitle": "Tests with page object model verify cart page",
              "timedOut": null,
              "duration": 26537,
              "state": "passed",
              "speed": "slow",
              "pass": true,
              "fail": false,
              "pending": false,
              "context": null,
              "code": "navigateTo.loginAndRegistrationPage();\nregistrationPage.submitRegistrationForm();\ncartPage.putInCart();\nexpect(cartPage.isPriceGood()).to.be.true;\nexpect(cartPage.cartPaying()).to.be.true;\ncartPage.placeOrder();\ncartPage.isPaymentDone();",
              "err": {},
              "uuid": "8dd18306-993e-4f1e-ab39-a6a189d3938d",
              "parentUUID": "8a038e95-d819-4140-aa73-a69d5409f6a4",
              "isHook": false,
              "skipped": false
            }
          ],
          "suites": [],
          "passes": [
            "8dd18306-993e-4f1e-ab39-a6a189d3938d"
          ],
          "failures": [],
          "pending": [],
          "skipped": [],
          "duration": 26537,
          "root": false,
          "rootEmpty": false,
          "_timeout": 2000
        }
      ],
      "passes": [],
      "failures": [],
      "pending": [],
      "skipped": [],
      "duration": 0,
      "root": true,
      "rootEmpty": true,
      "_timeout": 2000
    }
  ],
  "meta": {
    "mocha": {
      "version": "7.0.1"
    },
    "mochawesome": {
      "options": {
        "quiet": false,
        "reportFilename": "mochawesome",
        "saveHtml": false,
        "saveJson": true,
        "consoleReporter": "spec",
        "useInlineDiffs": false,
        "code": true
      },
      "version": "7.1.3"
    },
    "marge": {
      "options": {
        "id": "default",
        "reportDir": "cypress/results/mochawesome",
        "overwrite": false,
        "html": false,
        "json": true
      },
      "version": "6.2.0"
    }
  }
}