{
  "stats": {
    "suites": 1,
    "tests": 1,
    "passes": 1,
    "pending": 0,
    "failures": 0,
    "start": "2024-02-19T20:51:28.725Z",
    "end": "2024-02-19T20:51:56.175Z",
    "duration": 27450,
    "testsRegistered": 1,
    "passPercent": 100,
    "pendingPercent": 0,
    "other": 0,
    "hasOther": false,
    "skipped": 0,
    "hasSkipped": false
  },
  "results": [
    {
      "uuid": "1f440463-726e-4028-b3b2-f7549f42d748",
      "title": "",
      "fullFile": "cypress\\e2e\\cartTests.js",
      "file": "cypress\\e2e\\cartTests.js",
      "beforeHooks": [],
      "afterHooks": [],
      "tests": [],
      "suites": [
        {
          "uuid": "71075001-7090-4a54-8064-39fb5dd8bd51",
          "title": "Tests with page object model",
          "fullFile": "",
          "file": "",
          "beforeHooks": [],
          "afterHooks": [],
          "tests": [
            {
              "title": "verify cart page",
              "fullTitle": "Tests with page object model verify cart page",
              "timedOut": null,
              "duration": 27388,
              "state": "passed",
              "speed": "slow",
              "pass": true,
              "fail": false,
              "pending": false,
              "context": null,
              "code": "navigateTo.loginAndRegistrationPage();\nregistrationPage.submitRegistrationForm();\ncartPage.putInCart();\nexpect(cartPage.isPriceGood()).to.be.true;\nexpect(cartPage.isCartPayingCorrect()).to.be.true;\ncartPage.placeOrder();\ncartPage.isPaymentDone();",
              "err": {},
              "uuid": "effbca2c-b414-4bd8-80cc-42499e0b23ca",
              "parentUUID": "71075001-7090-4a54-8064-39fb5dd8bd51",
              "isHook": false,
              "skipped": false
            }
          ],
          "suites": [],
          "passes": [
            "effbca2c-b414-4bd8-80cc-42499e0b23ca"
          ],
          "failures": [],
          "pending": [],
          "skipped": [],
          "duration": 27388,
          "root": false,
          "rootEmpty": false,
          "_timeout": 2000
        }
      ],
      "passes": [],
      "failures": [],
      "pending": [],
      "skipped": [],
      "duration": 0,
      "root": true,
      "rootEmpty": true,
      "_timeout": 2000
    }
  ],
  "meta": {
    "mocha": {
      "version": "7.0.1"
    },
    "mochawesome": {
      "options": {
        "quiet": false,
        "reportFilename": "mochawesome",
        "saveHtml": false,
        "saveJson": true,
        "consoleReporter": "spec",
        "useInlineDiffs": false,
        "code": true
      },
      "version": "7.1.3"
    },
    "marge": {
      "options": {
        "id": "default",
        "reportDir": "cypress/results/mochawesome",
        "overwrite": false,
        "html": false,
        "json": true
      },
      "version": "6.2.0"
    }
  }
}