{
  "stats": {
    "suites": 1,
    "tests": 1,
    "passes": 1,
    "pending": 0,
    "failures": 0,
    "start": "2024-02-18T18:28:16.310Z",
    "end": "2024-02-18T18:28:22.024Z",
    "duration": 5714,
    "testsRegistered": 1,
    "passPercent": 100,
    "pendingPercent": 0,
    "other": 0,
    "hasOther": false,
    "skipped": 0,
    "hasSkipped": false
  },
  "results": [
    {
      "uuid": "76cbe757-24f7-4bb0-91a6-35c8d582c6f4",
      "title": "",
      "fullFile": "cypress\\e2e\\categoryTests.js",
      "file": "cypress\\e2e\\categoryTests.js",
      "beforeHooks": [],
      "afterHooks": [],
      "tests": [],
      "suites": [
        {
          "uuid": "d65327d5-e55f-4f14-bcf7-126c6ceb04d1",
          "title": "Tests with page object model",
          "fullFile": "",
          "file": "",
          "beforeHooks": [],
          "afterHooks": [],
          "tests": [
            {
              "title": "verify category page",
              "fullTitle": "Tests with page object model verify category page",
              "timedOut": null,
              "duration": 5683,
              "state": "passed",
              "speed": "medium",
              "pass": true,
              "fail": false,
              "pending": false,
              "context": null,
              "code": "_CategoryPage.categoryPage.products();",
              "err": {},
              "uuid": "97a01e20-303d-4cf2-ac89-d2071fcaca50",
              "parentUUID": "d65327d5-e55f-4f14-bcf7-126c6ceb04d1",
              "isHook": false,
              "skipped": false
            }
          ],
          "suites": [],
          "passes": [
            "97a01e20-303d-4cf2-ac89-d2071fcaca50"
          ],
          "failures": [],
          "pending": [],
          "skipped": [],
          "duration": 5683,
          "root": false,
          "rootEmpty": false,
          "_timeout": 2000
        }
      ],
      "passes": [],
      "failures": [],
      "pending": [],
      "skipped": [],
      "duration": 0,
      "root": true,
      "rootEmpty": true,
      "_timeout": 2000
    }
  ],
  "meta": {
    "mocha": {
      "version": "7.0.1"
    },
    "mochawesome": {
      "options": {
        "quiet": false,
        "reportFilename": "mochawesome",
        "saveHtml": false,
        "saveJson": true,
        "consoleReporter": "spec",
        "useInlineDiffs": false,
        "code": true
      },
      "version": "7.1.3"
    },
    "marge": {
      "options": {
        "id": "default",
        "reportDir": "cypress/results/mochawesome",
        "overwrite": false,
        "html": false,
        "json": true
      },
      "version": "6.2.0"
    }
  }
}