{
  "stats": {
    "suites": 1,
    "tests": 1,
    "passes": 1,
    "pending": 0,
    "failures": 0,
    "start": "2024-02-18T17:57:01.699Z",
    "end": "2024-02-18T17:57:26.654Z",
    "duration": 24955,
    "testsRegistered": 1,
    "passPercent": 100,
    "pendingPercent": 0,
    "other": 0,
    "hasOther": false,
    "skipped": 0,
    "hasSkipped": false
  },
  "results": [
    {
      "uuid": "3625f884-5517-4128-8550-cdb8326bb89a",
      "title": "",
      "fullFile": "cypress\\e2e\\loginTests.js",
      "file": "cypress\\e2e\\loginTests.js",
      "beforeHooks": [],
      "afterHooks": [],
      "tests": [],
      "suites": [
        {
          "uuid": "f3a9b3a7-3403-4b21-b44e-61e559c13175",
          "title": "Tests with page object model",
          "fullFile": "",
          "file": "",
          "beforeHooks": [],
          "afterHooks": [],
          "tests": [
            {
              "title": "verify login page",
              "fullTitle": "Tests with page object model verify login page",
              "timedOut": null,
              "duration": 24918,
              "state": "passed",
              "speed": "slow",
              "pass": true,
              "fail": false,
              "pending": false,
              "context": null,
              "code": "navigateTo.loginAndRegistrationPage();\nconst {\n  username,\n  email,\n  password\n} = registrationPage.submitRegistrationForm();\nregistrationPage.logOut();\nloginPage.loginSubmitForm(email, password);\ncy.get('[href=\"/delete_account\"]').should('contain', 'Delete Account');\ncy.get('[href=\"/logout\"]').should('contain', 'Logout');",
              "err": {},
              "uuid": "a9b8ad8d-7f64-4241-9082-1447d63cd659",
              "parentUUID": "f3a9b3a7-3403-4b21-b44e-61e559c13175",
              "isHook": false,
              "skipped": false
            }
          ],
          "suites": [],
          "passes": [
            "a9b8ad8d-7f64-4241-9082-1447d63cd659"
          ],
          "failures": [],
          "pending": [],
          "skipped": [],
          "duration": 24918,
          "root": false,
          "rootEmpty": false,
          "_timeout": 2000
        }
      ],
      "passes": [],
      "failures": [],
      "pending": [],
      "skipped": [],
      "duration": 0,
      "root": true,
      "rootEmpty": true,
      "_timeout": 2000
    }
  ],
  "meta": {
    "mocha": {
      "version": "7.0.1"
    },
    "mochawesome": {
      "options": {
        "quiet": false,
        "reportFilename": "mochawesome",
        "saveHtml": false,
        "saveJson": true,
        "consoleReporter": "spec",
        "useInlineDiffs": false,
        "code": true
      },
      "version": "7.1.3"
    },
    "marge": {
      "options": {
        "id": "default",
        "reportDir": "cypress/results/mochawesome",
        "overwrite": false,
        "html": false,
        "json": true
      },
      "version": "6.2.0"
    }
  }
}