{
  "stats": {
    "suites": 1,
    "tests": 1,
    "passes": 1,
    "pending": 0,
    "failures": 0,
    "start": "2024-02-18T17:56:40.364Z",
    "end": "2024-02-18T17:56:47.098Z",
    "duration": 6734,
    "testsRegistered": 1,
    "passPercent": 100,
    "pendingPercent": 0,
    "other": 0,
    "hasOther": false,
    "skipped": 0,
    "hasSkipped": false
  },
  "results": [
    {
      "uuid": "7588ba9e-dfee-4838-9ac3-3ce7e12da0ba",
      "title": "",
      "fullFile": "cypress\\e2e\\categoryTests.js",
      "file": "cypress\\e2e\\categoryTests.js",
      "beforeHooks": [],
      "afterHooks": [],
      "tests": [],
      "suites": [
        {
          "uuid": "33d20577-f49a-4745-bc79-1593596e698a",
          "title": "Tests with page object model",
          "fullFile": "",
          "file": "",
          "beforeHooks": [],
          "afterHooks": [],
          "tests": [
            {
              "title": "verify category page",
              "fullTitle": "Tests with page object model verify category page",
              "timedOut": null,
              "duration": 6710,
              "state": "passed",
              "speed": "medium",
              "pass": true,
              "fail": false,
              "pending": false,
              "context": null,
              "code": "_CategoryPage.categoryPage.products();",
              "err": {},
              "uuid": "232f8aad-d6b2-42c0-8084-8b9ee23e6e88",
              "parentUUID": "33d20577-f49a-4745-bc79-1593596e698a",
              "isHook": false,
              "skipped": false
            }
          ],
          "suites": [],
          "passes": [
            "232f8aad-d6b2-42c0-8084-8b9ee23e6e88"
          ],
          "failures": [],
          "pending": [],
          "skipped": [],
          "duration": 6710,
          "root": false,
          "rootEmpty": false,
          "_timeout": 2000
        }
      ],
      "passes": [],
      "failures": [],
      "pending": [],
      "skipped": [],
      "duration": 0,
      "root": true,
      "rootEmpty": true,
      "_timeout": 2000
    }
  ],
  "meta": {
    "mocha": {
      "version": "7.0.1"
    },
    "mochawesome": {
      "options": {
        "quiet": false,
        "reportFilename": "mochawesome",
        "saveHtml": false,
        "saveJson": true,
        "consoleReporter": "spec",
        "useInlineDiffs": false,
        "code": true
      },
      "version": "7.1.3"
    },
    "marge": {
      "options": {
        "id": "default",
        "reportDir": "cypress/results/mochawesome",
        "overwrite": false,
        "html": false,
        "json": true
      },
      "version": "6.2.0"
    }
  }
}