{
  "stats": {
    "suites": 1,
    "tests": 3,
    "passes": 3,
    "pending": 0,
    "failures": 0,
    "start": "2024-02-19T20:52:24.193Z",
    "end": "2024-02-19T20:53:26.459Z",
    "duration": 62266,
    "testsRegistered": 3,
    "passPercent": 100,
    "pendingPercent": 0,
    "other": 0,
    "hasOther": false,
    "skipped": 0,
    "hasSkipped": false
  },
  "results": [
    {
      "uuid": "335e63ce-4a45-46c4-a578-c2a1c091b709",
      "title": "",
      "fullFile": "cypress\\e2e\\loginTests.js",
      "file": "cypress\\e2e\\loginTests.js",
      "beforeHooks": [],
      "afterHooks": [],
      "tests": [],
      "suites": [
        {
          "uuid": "42c4bdba-33ba-4029-9e17-247361e97274",
          "title": "Tests with page object model",
          "fullFile": "",
          "file": "",
          "beforeHooks": [],
          "afterHooks": [],
          "tests": [
            {
              "title": "verify login page",
              "fullTitle": "Tests with page object model verify login page",
              "timedOut": null,
              "duration": 29019,
              "state": "passed",
              "speed": "slow",
              "pass": true,
              "fail": false,
              "pending": false,
              "context": null,
              "code": "navigateTo.loginAndRegistrationPage();\nconst {\n  email,\n  password\n} = registrationPage.submitRegistrationForm();\nregistrationPage.logOut();\ncy.submitLoginForm(email, password);\nloginPage.verifyErrorMessageVisible();",
              "err": {},
              "uuid": "5089cc17-bc47-4614-b38a-0e12b3f909c9",
              "parentUUID": "42c4bdba-33ba-4029-9e17-247361e97274",
              "isHook": false,
              "skipped": false
            },
            {
              "title": "negative test cases using invalid login credentials",
              "fullTitle": "Tests with page object model negative test cases using invalid login credentials",
              "timedOut": null,
              "duration": 11855,
              "state": "passed",
              "speed": "slow",
              "pass": true,
              "fail": false,
              "pending": false,
              "context": null,
              "code": "navigateTo.loginAndRegistrationPage();\nloginPage.loginInvalidCredentials();",
              "err": {},
              "uuid": "3446d458-efbd-4ba7-a993-5d16f2bebab1",
              "parentUUID": "42c4bdba-33ba-4029-9e17-247361e97274",
              "isHook": false,
              "skipped": false
            },
            {
              "title": "logout user",
              "fullTitle": "Tests with page object model logout user",
              "timedOut": null,
              "duration": 21244,
              "state": "passed",
              "speed": "slow",
              "pass": true,
              "fail": false,
              "pending": false,
              "context": null,
              "code": "navigateTo.loginAndRegistrationPage();\nregistrationPage.submitRegistrationForm();\nregistrationPage.logOut();\nloginPage.isUserLogOut();",
              "err": {},
              "uuid": "3a653cec-583f-457f-a74d-4b57f186fabb",
              "parentUUID": "42c4bdba-33ba-4029-9e17-247361e97274",
              "isHook": false,
              "skipped": false
            }
          ],
          "suites": [],
          "passes": [
            "5089cc17-bc47-4614-b38a-0e12b3f909c9",
            "3446d458-efbd-4ba7-a993-5d16f2bebab1",
            "3a653cec-583f-457f-a74d-4b57f186fabb"
          ],
          "failures": [],
          "pending": [],
          "skipped": [],
          "duration": 62118,
          "root": false,
          "rootEmpty": false,
          "_timeout": 2000
        }
      ],
      "passes": [],
      "failures": [],
      "pending": [],
      "skipped": [],
      "duration": 0,
      "root": true,
      "rootEmpty": true,
      "_timeout": 2000
    }
  ],
  "meta": {
    "mocha": {
      "version": "7.0.1"
    },
    "mochawesome": {
      "options": {
        "quiet": false,
        "reportFilename": "mochawesome",
        "saveHtml": false,
        "saveJson": true,
        "consoleReporter": "spec",
        "useInlineDiffs": false,
        "code": true
      },
      "version": "7.1.3"
    },
    "marge": {
      "options": {
        "id": "default",
        "reportDir": "cypress/results/mochawesome",
        "overwrite": false,
        "html": false,
        "json": true
      },
      "version": "6.2.0"
    }
  }
}