<?xml version="1.0" encoding="UTF-8"?>
<testsuites name="Mocha Tests" time="11.637" tests="1" failures="0">
  <testsuite name="Root Suite" timestamp="2024-02-19T20:53:29" tests="0" file="cypress\e2e\registrationTests.js" time="0.000" failures="0">
  </testsuite>
  <testsuite name="Tests with page object model" timestamp="2024-02-19T20:53:29" tests="1" time="11.634" failures="0">
    <testcase name="Tests with page object model verify registration page" time="11.602" classname="verify registration page">
    </testcase>
  </testsuite>
</testsuites>