<?xml version="1.0" encoding="UTF-8"?>
<testsuites name="Mocha Tests" time="24.955" tests="1" failures="0">
  <testsuite name="Root Suite" timestamp="2024-02-18T17:57:01" tests="0" file="cypress\e2e\loginTests.js" time="0.000" failures="0">
  </testsuite>
  <testsuite name="Tests with page object model" timestamp="2024-02-18T17:57:01" tests="1" time="24.951" failures="0">
    <testcase name="Tests with page object model verify login page" time="24.918" classname="verify login page">
    </testcase>
  </testsuite>
</testsuites>