<?xml version="1.0" encoding="UTF-8"?>
<testsuites name="Mocha Tests" time="6.734" tests="1" failures="0">
  <testsuite name="Root Suite" timestamp="2024-02-18T17:56:40" tests="0" file="cypress\e2e\categoryTests.js" time="0.000" failures="0">
  </testsuite>
  <testsuite name="Tests with page object model" timestamp="2024-02-18T17:56:40" tests="1" time="6.731" failures="0">
    <testcase name="Tests with page object model verify category page" time="6.710" classname="verify category page">
    </testcase>
  </testsuite>
</testsuites>