<?xml version="1.0" encoding="UTF-8"?>
<testsuites name="Mocha Tests" time="6.751" tests="1" failures="0">
  <testsuite name="Root Suite" timestamp="2024-02-19T20:52:14" tests="0" file="cypress\e2e\contactTest.js" time="0.000" failures="0">
  </testsuite>
  <testsuite name="Tests for contact form" timestamp="2024-02-19T20:52:14" tests="1" time="6.740" failures="0">
    <testcase name="Tests for contact form verify contact page" time="6.710" classname="verify contact page">
    </testcase>
  </testsuite>
</testsuites>