<?xml version="1.0" encoding="UTF-8"?>
<testsuites name="Mocha Tests" time="26.604" tests="1" failures="0">
  <testsuite name="Root Suite" timestamp="2024-02-18T17:56:12" tests="0" file="cypress\e2e\cartTests.js" time="0.000" failures="0">
  </testsuite>
  <testsuite name="Tests with page object model" timestamp="2024-02-18T17:56:12" tests="1" time="26.599" failures="0">
    <testcase name="Tests with page object model verify cart page" time="26.537" classname="verify cart page">
    </testcase>
  </testsuite>
</testsuites>