<?xml version="1.0" encoding="UTF-8"?>
<testsuites name="Mocha Tests" time="14.383" tests="1" failures="0">
  <testsuite name="Root Suite" timestamp="2024-02-19T20:51:57" tests="0" file="cypress\e2e\categoryTests.js" time="0.000" failures="0">
  </testsuite>
  <testsuite name="Tests with page object model" timestamp="2024-02-19T20:51:57" tests="1" time="14.380" failures="0">
    <testcase name="Tests with page object model verify category page" time="14.358" classname="verify category page">
    </testcase>
  </testsuite>
</testsuites>