<?xml version="1.0" encoding="UTF-8"?>
<testsuites name="Mocha Tests" time="7.883" tests="1" failures="0">
  <testsuite name="Root Suite" timestamp="2024-02-18T18:28:25" tests="0" file="cypress\e2e\contactTest.js" time="0.000" failures="0">
  </testsuite>
  <testsuite name="Tests for contact form" timestamp="2024-02-18T18:28:25" tests="1" time="7.880" failures="0">
    <testcase name="Tests for contact form verify contact page" time="7.829" classname="verify contact page">
    </testcase>
  </testsuite>
</testsuites>