<?xml version="1.0" encoding="UTF-8"?>
<testsuites name="Mocha Tests" time="9.095" tests="1" failures="0">
  <testsuite name="Root Suite" timestamp="2024-02-18T17:56:49" tests="0" file="cypress\e2e\contactTest.js" time="0.000" failures="0">
  </testsuite>
  <testsuite name="Tests for contact form" timestamp="2024-02-18T17:56:49" tests="1" time="9.090" failures="0">
    <testcase name="Tests for contact form verify contact page" time="9.064" classname="verify contact page">
    </testcase>
  </testsuite>
</testsuites>