<?xml version="1.0" encoding="UTF-8"?>
<testsuites name="Mocha Tests" time="62.266" tests="3" failures="0">
  <testsuite name="Root Suite" timestamp="2024-02-19T20:52:24" tests="0" file="cypress\e2e\loginTests.js" time="0.000" failures="0">
  </testsuite>
  <testsuite name="Tests with page object model" timestamp="2024-02-19T20:52:24" tests="3" time="62.259" failures="0">
    <testcase name="Tests with page object model verify login page" time="29.019" classname="verify login page">
    </testcase>
    <testcase name="Tests with page object model negative test cases using invalid login credentials" time="11.855" classname="negative test cases using invalid login credentials">
    </testcase>
    <testcase name="Tests with page object model logout user" time="21.244" classname="logout user">
    </testcase>
  </testsuite>
</testsuites>